nohup: ignoring input
[Epoch 1500 TRAIN] Loss: 21.5835 bpp: 1.2435 mse: 6779.9826  
[Epoch 1500 TEST] bpp: 0.7147 psnr: 20.5137
[Epoch 1501 TRAIN] Loss: 9.5655 bpp: 0.8926 mse: 2890.9548  
[Epoch 1501 TEST] bpp: 0.5449 psnr: 21.7477
[Epoch 1502 TRAIN] Loss: 7.6103 bpp: 0.8551 mse: 2251.7265  
[Epoch 1502 TEST] bpp: 0.6102 psnr: 22.7358
[Epoch 1503 TRAIN] Loss: 6.6123 bpp: 0.8496 mse: 1920.8966  
[Epoch 1503 TEST] bpp: 0.5422 psnr: 23.1191
[Epoch 1504 TRAIN] Loss: 6.2074 bpp: 0.8446 mse: 1787.5808  
[Epoch 1504 TEST] bpp: 0.5271 psnr: 23.7515
[Epoch 1505 TRAIN] Loss: 5.6018 bpp: 0.8285 mse: 1591.0893  
[Epoch 1505 TEST] bpp: 0.5407 psnr: 23.9702
[Epoch 1506 TRAIN] Loss: 5.2866 bpp: 0.8229 mse: 1487.8898  
[Epoch 1506 TEST] bpp: 0.5476 psnr: 24.0154
[Epoch 1507 TRAIN] Loss: 4.9160 bpp: 0.8155 mse: 1366.8386  
[Epoch 1507 TEST] bpp: 0.5317 psnr: 24.7372
[Epoch 1508 TRAIN] Loss: 4.6741 bpp: 0.8162 mse: 1285.9780  
[Epoch 1508 TEST] bpp: 0.5618 psnr: 24.5665
[Epoch 1509 TRAIN] Loss: 4.6756 bpp: 0.8182 mse: 1285.7930  
[Epoch 1509 TEST] bpp: 0.5824 psnr: 24.7204
[Epoch 1510 TRAIN] Loss: 4.3438 bpp: 0.8065 mse: 1179.1209  
[Epoch 1510 TEST] bpp: 0.5615 psnr: 25.0693
[Epoch 1511 TRAIN] Loss: 4.1900 bpp: 0.8098 mse: 1126.7158  
[Epoch 1511 TEST] bpp: 0.5829 psnr: 24.6223
[Epoch 1512 TRAIN] Loss: 4.0142 bpp: 0.8046 mse: 1069.8728  
[Epoch 1512 TEST] bpp: 0.5470 psnr: 26.0837
[Epoch 1513 TRAIN] Loss: 4.0243 bpp: 0.8163 mse: 1069.3447  
[Epoch 1513 TEST] bpp: 0.5590 psnr: 25.9647
[Epoch 1514 TRAIN] Loss: 3.7912 bpp: 0.8135 mse: 992.5712  
[Epoch 1514 TEST] bpp: 0.5709 psnr: 26.0054
[Epoch 1515 TRAIN] Loss: 3.7907 bpp: 0.8202 mse: 990.1617  
[Epoch 1515 TEST] bpp: 0.5581 psnr: 26.4708
[Epoch 1516 TRAIN] Loss: 3.6170 bpp: 0.8105 mse: 935.5069  
[Epoch 1516 TEST] bpp: 0.5331 psnr: 26.9038
[Epoch 1517 TRAIN] Loss: 3.5805 bpp: 0.8090 mse: 923.8271  
[Epoch 1517 TEST] bpp: 0.5556 psnr: 26.1937
[Epoch 1518 TRAIN] Loss: 3.5123 bpp: 0.8098 mse: 900.8340  
[Epoch 1518 TEST] bpp: 0.5987 psnr: 26.0051
[Epoch 1519 TRAIN] Loss: 3.4669 bpp: 0.8090 mse: 885.9678  
[Epoch 1519 TEST] bpp: 0.5913 psnr: 26.0640
[Epoch 1520 TRAIN] Loss: 3.4262 bpp: 0.8116 mse: 871.5433  
[Epoch 1520 TEST] bpp: 0.5755 psnr: 26.5368
[Epoch 1521 TRAIN] Loss: 3.3174 bpp: 0.8087 mse: 836.2443  
[Epoch 1521 TEST] bpp: 0.5758 psnr: 26.7403
[Epoch 1522 TRAIN] Loss: 3.2527 bpp: 0.8048 mse: 815.9429  
[Epoch 1522 TEST] bpp: 0.5909 psnr: 26.4778
[Epoch 1523 TRAIN] Loss: 3.2161 bpp: 0.8041 mse: 804.0218  
[Epoch 1523 TEST] bpp: 0.5903 psnr: 26.8822
[Epoch 1524 TRAIN] Loss: 3.1079 bpp: 0.7968 mse: 770.3694  
[Epoch 1524 TEST] bpp: 0.5809 psnr: 27.2824
[Epoch 1525 TRAIN] Loss: 3.1345 bpp: 0.8023 mse: 777.3951  
[Epoch 1525 TEST] bpp: 0.6067 psnr: 26.4436
[Epoch 1526 TRAIN] Loss: 3.0827 bpp: 0.7983 mse: 761.4463  
[Epoch 1526 TEST] bpp: 0.5856 psnr: 26.9680
[Epoch 1527 TRAIN] Loss: 2.9646 bpp: 0.7874 mse: 725.7514  
[Epoch 1527 TEST] bpp: 0.6048 psnr: 27.0007
[Epoch 1528 TRAIN] Loss: 2.9641 bpp: 0.7890 mse: 725.0248  
[Epoch 1528 TEST] bpp: 0.5520 psnr: 26.5771
[Epoch 1529 TRAIN] Loss: 2.9779 bpp: 0.7954 mse: 727.5016  
[Epoch 1529 TEST] bpp: 0.5782 psnr: 27.1414
[Epoch 1530 TRAIN] Loss: 2.8958 bpp: 0.7900 mse: 701.9148  
[Epoch 1530 TEST] bpp: 0.6119 psnr: 27.1830
[Epoch 1531 TRAIN] Loss: 2.8721 bpp: 0.7926 mse: 693.1423  
[Epoch 1531 TEST] bpp: 0.5954 psnr: 27.5012
[Epoch 1532 TRAIN] Loss: 2.7859 bpp: 0.7834 mse: 667.5082  
[Epoch 1532 TEST] bpp: 0.5917 psnr: 27.5554
[Epoch 1533 TRAIN] Loss: 2.7827 bpp: 0.7966 mse: 662.0317  
[Epoch 1533 TEST] bpp: 0.6079 psnr: 27.5798
[Epoch 1534 TRAIN] Loss: 2.7486 bpp: 0.7924 mse: 652.0545  
[Epoch 1534 TEST] bpp: 0.5886 psnr: 27.5128
[Epoch 1535 TRAIN] Loss: 2.8063 bpp: 0.8021 mse: 668.0541  
[Epoch 1535 TEST] bpp: 0.5520 psnr: 28.6128
[Epoch 1536 TRAIN] Loss: 2.6874 bpp: 0.7834 mse: 634.6823  
[Epoch 1536 TEST] bpp: 0.6527 psnr: 27.2924
[Epoch 1537 TRAIN] Loss: 2.6793 bpp: 0.7853 mse: 631.3292  
[Epoch 1537 TEST] bpp: 0.5303 psnr: 29.1492
[Epoch 1538 TRAIN] Loss: 2.6586 bpp: 0.7954 mse: 621.0952  
[Epoch 1538 TEST] bpp: 0.5994 psnr: 27.8346
[Epoch 1539 TRAIN] Loss: 2.5615 bpp: 0.7884 mse: 591.0544  
[Epoch 1539 TEST] bpp: 0.5859 psnr: 28.2980
[Epoch 1540 TRAIN] Loss: 2.6027 bpp: 0.7990 mse: 601.2370  
[Epoch 1540 TEST] bpp: 0.6085 psnr: 28.2418
[Epoch 1541 TRAIN] Loss: 2.5622 bpp: 0.7916 mse: 590.1984  
[Epoch 1541 TEST] bpp: 0.6430 psnr: 28.0590
[Epoch 1542 TRAIN] Loss: 2.5141 bpp: 0.7870 mse: 575.6919  
[Epoch 1542 TEST] bpp: 0.5560 psnr: 29.0647
[Epoch 1543 TRAIN] Loss: 2.4885 bpp: 0.7836 mse: 568.3311  
[Epoch 1543 TEST] bpp: 0.6410 psnr: 27.9118
[Epoch 1544 TRAIN] Loss: 2.5515 bpp: 0.7962 mse: 585.1065  
[Epoch 1544 TEST] bpp: 0.5777 psnr: 29.0938
[Epoch 1545 TRAIN] Loss: 2.4384 bpp: 0.7841 mse: 551.4282  
[Epoch 1545 TEST] bpp: 0.6083 psnr: 28.6862
[Epoch 1546 TRAIN] Loss: 2.4405 bpp: 0.7841 mse: 552.1230  
[Epoch 1546 TEST] bpp: 0.6256 psnr: 28.0154
[Epoch 1547 TRAIN] Loss: 2.4299 bpp: 0.7886 mse: 547.1153  
[Epoch 1547 TEST] bpp: 0.6322 psnr: 28.1388
[Epoch 1548 TRAIN] Loss: 2.4367 bpp: 0.7945 mse: 547.4043  
[Epoch 1548 TEST] bpp: 0.6120 psnr: 28.9016
[Epoch 1549 TRAIN] Loss: 2.3990 bpp: 0.7824 mse: 538.8658  
[Epoch 1549 TEST] bpp: 0.6431 psnr: 28.1742
[INFO] Saving
[Epoch 1550 TRAIN] Loss: 2.4210 bpp: 0.7925 mse: 542.8190  
[Epoch 1550 TEST] bpp: 0.6229 psnr: 29.1084
[Epoch 1551 TRAIN] Loss: 2.3480 bpp: 0.7815 mse: 522.1581  
[Epoch 1551 TEST] bpp: 0.6209 psnr: 28.8706
[Epoch 1552 TRAIN] Loss: 2.3146 bpp: 0.7843 mse: 510.1204  
[Epoch 1552 TEST] bpp: 0.5959 psnr: 29.1288
[Epoch 1553 TRAIN] Loss: 2.3300 bpp: 0.7826 mse: 515.8133  
[Epoch 1553 TEST] bpp: 0.6317 psnr: 29.0967
[Epoch 1554 TRAIN] Loss: 2.2882 bpp: 0.7832 mse: 501.6506  
[Epoch 1554 TEST] bpp: 0.6288 psnr: 28.9893
[Epoch 1555 TRAIN] Loss: 2.2820 bpp: 0.7871 mse: 498.3074  
[Epoch 1555 TEST] bpp: 0.6349 psnr: 28.7769
[Epoch 1556 TRAIN] Loss: 2.2650 bpp: 0.7834 mse: 493.8706  
[Epoch 1556 TEST] bpp: 0.6239 psnr: 28.9496
[Epoch 1557 TRAIN] Loss: 2.2779 bpp: 0.7887 mse: 496.3841  
[Epoch 1557 TEST] bpp: 0.6404 psnr: 28.5688
[Epoch 1558 TRAIN] Loss: 2.3477 bpp: 0.8063 mse: 513.7773  
[Epoch 1558 TEST] bpp: 0.6196 psnr: 29.2842
[Epoch 1559 TRAIN] Loss: 2.2073 bpp: 0.7802 mse: 475.6932  
[Epoch 1559 TEST] bpp: 0.6585 psnr: 28.6395
[Epoch 1560 TRAIN] Loss: 2.2389 bpp: 0.7921 mse: 482.2820  
[Epoch 1560 TEST] bpp: 0.6254 psnr: 29.0402
[Epoch 1561 TRAIN] Loss: 2.2298 bpp: 0.7949 mse: 478.2835  
[Epoch 1561 TEST] bpp: 0.6118 psnr: 29.5133
[Epoch 1562 TRAIN] Loss: 2.2331 bpp: 0.7933 mse: 479.9563  
[Epoch 1562 TEST] bpp: 0.6452 psnr: 29.0084
[Epoch 1563 TRAIN] Loss: 2.2321 bpp: 0.7942 mse: 479.3261  
[Epoch 1563 TEST] bpp: 0.6950 psnr: 28.2983
[Epoch 1564 TRAIN] Loss: 2.1758 bpp: 0.7879 mse: 462.6143  
[Epoch 1564 TEST] bpp: 0.5960 psnr: 29.7696
[Epoch 1565 TRAIN] Loss: 2.1920 bpp: 0.7866 mse: 468.4976  
[Epoch 1565 TEST] bpp: 0.5889 psnr: 29.7479
[Epoch 1566 TRAIN] Loss: 2.1835 bpp: 0.7902 mse: 464.4241  
[Epoch 1566 TEST] bpp: 0.6181 psnr: 29.5849
[Epoch 1567 TRAIN] Loss: 2.1872 bpp: 0.7906 mse: 465.5546  
[Epoch 1567 TEST] bpp: 0.6073 psnr: 29.6355
[Epoch 1568 TRAIN] Loss: 2.1405 bpp: 0.7853 mse: 451.7305  
[Epoch 1568 TEST] bpp: 0.6070 psnr: 29.8392
[Epoch 1569 TRAIN] Loss: 2.1905 bpp: 0.7952 mse: 465.1205  
[Epoch 1569 TEST] bpp: 0.5993 psnr: 29.8138
[Epoch 1570 TRAIN] Loss: 2.1075 bpp: 0.7838 mse: 441.2157  
[Epoch 1570 TEST] bpp: 0.6451 psnr: 29.3836
[Epoch 1571 TRAIN] Loss: 2.1244 bpp: 0.7848 mse: 446.5211  
[Epoch 1571 TEST] bpp: 0.5890 psnr: 30.0301
[Epoch 1572 TRAIN] Loss: 2.1037 bpp: 0.7865 mse: 439.0657  
[Epoch 1572 TEST] bpp: 0.6397 psnr: 29.2304
[Epoch 1573 TRAIN] Loss: 2.0651 bpp: 0.7739 mse: 430.3876  
[Epoch 1573 TEST] bpp: 0.6816 psnr: 28.7487
[Epoch 1574 TRAIN] Loss: 2.1109 bpp: 0.7914 mse: 439.8149  
[Epoch 1574 TEST] bpp: 0.6947 psnr: 29.1501
[Epoch 1575 TRAIN] Loss: 2.0831 bpp: 0.7852 mse: 432.6541  
[Epoch 1575 TEST] bpp: 0.6317 psnr: 29.4587
[Epoch 1576 TRAIN] Loss: 2.1446 bpp: 0.7995 mse: 448.3796  
[Epoch 1576 TEST] bpp: 0.6176 psnr: 30.3114
[Epoch 1577 TRAIN] Loss: 2.0408 bpp: 0.7873 mse: 417.8494  
[Epoch 1577 TEST] bpp: 0.6317 psnr: 29.8761
[Epoch 1578 TRAIN] Loss: 2.0382 bpp: 0.7854 mse: 417.6023  
[Epoch 1578 TEST] bpp: 0.6273 psnr: 29.6471
[Epoch 1579 TRAIN] Loss: 2.0166 bpp: 0.7789 mse: 412.5548  
[Epoch 1579 TEST] bpp: 0.6269 psnr: 29.5986
[Epoch 1580 TRAIN] Loss: 2.0309 bpp: 0.7779 mse: 417.6509  
[Epoch 1580 TEST] bpp: 0.6250 psnr: 29.9549
[Epoch 1581 TRAIN] Loss: 2.0687 bpp: 0.7920 mse: 425.5875  
[Epoch 1581 TEST] bpp: 0.6215 psnr: 30.0073
[Epoch 1582 TRAIN] Loss: 2.0205 bpp: 0.7808 mse: 413.2266  
[Epoch 1582 TEST] bpp: 0.6491 psnr: 29.8677
[Epoch 1583 TRAIN] Loss: 2.0239 bpp: 0.7831 mse: 413.5731  
[Epoch 1583 TEST] bpp: 0.6613 psnr: 29.6582
[Epoch 1584 TRAIN] Loss: 1.9967 bpp: 0.7846 mse: 404.0556  
[Epoch 1584 TEST] bpp: 0.6707 psnr: 29.8608
[Epoch 1585 TRAIN] Loss: 1.9877 bpp: 0.7806 mse: 402.3683  
[Epoch 1585 TEST] bpp: 0.7062 psnr: 29.5711
[Epoch 1586 TRAIN] Loss: 1.9825 bpp: 0.7767 mse: 401.9302  
[Epoch 1586 TEST] bpp: 0.6341 psnr: 29.8731
[Epoch 1587 TRAIN] Loss: 1.9483 bpp: 0.7785 mse: 389.9348  
[Epoch 1587 TEST] bpp: 0.6308 psnr: 30.1913
[Epoch 1588 TRAIN] Loss: 1.9541 bpp: 0.7827 mse: 390.4471  
[Epoch 1588 TEST] bpp: 0.6511 psnr: 30.0279
[Epoch 1589 TRAIN] Loss: 1.9614 bpp: 0.7826 mse: 392.9360  
[Epoch 1589 TEST] bpp: 0.6604 psnr: 29.8832
[Epoch 1590 TRAIN] Loss: 1.9289 bpp: 0.7737 mse: 385.0790  
[Epoch 1590 TEST] bpp: 0.6268 psnr: 30.0618
[Epoch 1591 TRAIN] Loss: 1.9224 bpp: 0.7710 mse: 383.7739  
[Epoch 1591 TEST] bpp: 0.6888 psnr: 29.5506
[Epoch 1592 TRAIN] Loss: 1.9863 bpp: 0.7916 mse: 398.2430  
[Epoch 1592 TEST] bpp: 0.5950 psnr: 30.7990
[Epoch 1593 TRAIN] Loss: 1.9117 bpp: 0.7759 mse: 378.6126  
[Epoch 1593 TEST] bpp: 0.6355 psnr: 30.3159
[Epoch 1594 TRAIN] Loss: 1.9745 bpp: 0.7829 mse: 397.2107  
[Epoch 1594 TEST] bpp: 0.6479 psnr: 29.7618
[Epoch 1595 TRAIN] Loss: 1.9604 bpp: 0.7824 mse: 392.6652  
[Epoch 1595 TEST] bpp: 0.6550 psnr: 29.1928
[Epoch 1596 TRAIN] Loss: 1.9541 bpp: 0.7907 mse: 387.8179  
[Epoch 1596 TEST] bpp: 0.6215 psnr: 30.5934
[Epoch 1597 TRAIN] Loss: 1.9017 bpp: 0.7768 mse: 374.9701  
[Epoch 1597 TEST] bpp: 0.6170 psnr: 30.6350
[Epoch 1598 TRAIN] Loss: 1.9980 bpp: 0.7914 mse: 402.1951  
[Epoch 1598 TEST] bpp: 0.6519 psnr: 30.0435
[Epoch 1599 TRAIN] Loss: 1.8801 bpp: 0.7676 mse: 370.8232  
[Epoch 1599 TEST] bpp: 0.6254 psnr: 30.4315
[INFO] Saving
[Epoch 1600 TRAIN] Loss: 1.9810 bpp: 0.7897 mse: 397.0994  
[Epoch 1600 TEST] bpp: 0.6073 psnr: 30.7500
[Epoch 1601 TRAIN] Loss: 1.9124 bpp: 0.7730 mse: 379.8079  
[Epoch 1601 TEST] bpp: 0.6305 psnr: 30.4772
[Epoch 1602 TRAIN] Loss: 1.9302 bpp: 0.7770 mse: 384.3689  
[Epoch 1602 TEST] bpp: 0.5792 psnr: 31.0261
[Epoch 1603 TRAIN] Loss: 1.8989 bpp: 0.7714 mse: 375.8073  
[Epoch 1603 TEST] bpp: 0.6485 psnr: 30.0776
[Epoch 1604 TRAIN] Loss: 1.8949 bpp: 0.7731 mse: 373.9515  
[Epoch 1604 TEST] bpp: 0.6184 psnr: 30.7125
[Epoch 1605 TRAIN] Loss: 1.8765 bpp: 0.7747 mse: 367.2826  
[Epoch 1605 TEST] bpp: 0.6553 psnr: 29.8197
[Epoch 1606 TRAIN] Loss: 1.8921 bpp: 0.7649 mse: 375.7302  
[Epoch 1606 TEST] bpp: 0.6660 psnr: 29.9038
[Epoch 1607 TRAIN] Loss: 1.8234 bpp: 0.7594 mse: 354.6726  
[Epoch 1607 TEST] bpp: 0.5914 psnr: 30.9850
[Epoch 1608 TRAIN] Loss: 1.8589 bpp: 0.7612 mse: 365.8879  
[Epoch 1608 TEST] bpp: 0.6275 psnr: 30.5418
[Epoch 1609 TRAIN] Loss: 1.8858 bpp: 0.7699 mse: 371.9667  
[Epoch 1609 TEST] bpp: 0.6498 psnr: 30.1962
[Epoch 1610 TRAIN] Loss: 1.8597 bpp: 0.7725 mse: 362.4158  
[Epoch 1610 TEST] bpp: 0.6393 psnr: 30.4642
[Epoch 1611 TRAIN] Loss: 1.8817 bpp: 0.7731 mse: 369.5114  
[Epoch 1611 TEST] bpp: 0.6286 psnr: 30.2876
[Epoch 1612 TRAIN] Loss: 1.8282 bpp: 0.7618 mse: 355.4675  
[Epoch 1612 TEST] bpp: 0.6526 psnr: 30.1693
[Epoch 1613 TRAIN] Loss: 1.8769 bpp: 0.7634 mse: 371.1385  
[Epoch 1613 TEST] bpp: 0.6543 psnr: 30.1305
[Epoch 1614 TRAIN] Loss: 1.8658 bpp: 0.7606 mse: 368.4071  
[Epoch 1614 TEST] bpp: 0.6190 psnr: 30.4220
[Epoch 1615 TRAIN] Loss: 1.8656 bpp: 0.7695 mse: 365.3694  
[Epoch 1615 TEST] bpp: 0.6104 psnr: 30.5566
[Epoch 1616 TRAIN] Loss: 1.8047 bpp: 0.7474 mse: 352.4184  
[Epoch 1616 TEST] bpp: 0.6708 psnr: 29.8646
[Epoch 1617 TRAIN] Loss: 1.8889 bpp: 0.7714 mse: 372.5121  
[Epoch 1617 TEST] bpp: 0.6239 psnr: 30.7145
[Epoch 1618 TRAIN] Loss: 1.8406 bpp: 0.7610 mse: 359.8572  
[Epoch 1618 TEST] bpp: 0.6345 psnr: 30.4970
[Epoch 1619 TRAIN] Loss: 1.8395 bpp: 0.7607 mse: 359.5978  
[Epoch 1619 TEST] bpp: 0.6504 psnr: 30.2187
[Epoch 1620 TRAIN] Loss: 1.7953 bpp: 0.7483 mse: 349.0045  
[Epoch 1620 TEST] bpp: 0.6584 psnr: 30.2760
[Epoch 1621 TRAIN] Loss: 1.8237 bpp: 0.7566 mse: 355.6942  
[Epoch 1621 TEST] bpp: 0.6663 psnr: 30.0658
[Epoch 1622 TRAIN] Loss: 1.7973 bpp: 0.7430 mse: 351.4130  
[Epoch 1622 TEST] bpp: 0.5699 psnr: 31.0056
[Epoch 1623 TRAIN] Loss: 1.7893 bpp: 0.7503 mse: 346.3611  
[Epoch 1623 TEST] bpp: 0.5944 psnr: 31.0122
[Epoch 1624 TRAIN] Loss: 1.8474 bpp: 0.7547 mse: 364.2086  
[Epoch 1624 TEST] bpp: 0.6259 psnr: 30.5575
[Epoch 1625 TRAIN] Loss: 1.7849 bpp: 0.7453 mse: 346.5466  
[Epoch 1625 TEST] bpp: 0.6232 psnr: 30.7888
[Epoch 1626 TRAIN] Loss: 1.7976 bpp: 0.7499 mse: 349.2507  
[Epoch 1626 TEST] bpp: 0.6219 psnr: 30.7321
[Epoch 1627 TRAIN] Loss: 1.8047 bpp: 0.7416 mse: 354.3912  
[Epoch 1627 TEST] bpp: 0.6288 psnr: 30.6811
[Epoch 1628 TRAIN] Loss: 1.7586 bpp: 0.7381 mse: 340.1634  
[Epoch 1628 TEST] bpp: 0.7025 psnr: 29.8295
[Epoch 1629 TRAIN] Loss: 1.8302 bpp: 0.7569 mse: 357.7872  
[Epoch 1629 TEST] bpp: 0.6347 psnr: 30.3668
[Epoch 1630 TRAIN] Loss: 1.7958 bpp: 0.7482 mse: 349.2253  
[Epoch 1630 TEST] bpp: 0.5916 psnr: 30.8642
[Epoch 1631 TRAIN] Loss: 1.7651 bpp: 0.7365 mse: 342.8735  
[Epoch 1631 TEST] bpp: 0.5911 psnr: 30.9269
[Epoch 1632 TRAIN] Loss: 1.8138 bpp: 0.7454 mse: 356.1477  
[Epoch 1632 TEST] bpp: 0.5689 psnr: 31.1805
[Epoch 1633 TRAIN] Loss: 1.7988 bpp: 0.7450 mse: 351.2656  
[Epoch 1633 TEST] bpp: 0.6801 psnr: 29.7845
[Epoch 1634 TRAIN] Loss: 1.7829 bpp: 0.7382 mse: 348.2264  
[Epoch 1634 TEST] bpp: 0.5727 psnr: 31.1960
[Epoch 1635 TRAIN] Loss: 1.7703 bpp: 0.7359 mse: 344.8007  
[Epoch 1635 TEST] bpp: 0.5920 psnr: 30.9583
[Epoch 1636 TRAIN] Loss: 1.7672 bpp: 0.7402 mse: 342.3154  
[Epoch 1636 TEST] bpp: 0.6307 psnr: 30.5478
[Epoch 1637 TRAIN] Loss: 1.7567 bpp: 0.7369 mse: 339.9301  
[Epoch 1637 TEST] bpp: 0.6177 psnr: 30.3581
[Epoch 1638 TRAIN] Loss: 1.8022 bpp: 0.7517 mse: 350.1448  
[Epoch 1638 TEST] bpp: 0.6127 psnr: 30.7141
[Epoch 1639 TRAIN] Loss: 1.7710 bpp: 0.7427 mse: 342.7566  
[Epoch 1639 TEST] bpp: 0.6215 psnr: 30.6132
[Epoch 1640 TRAIN] Loss: 1.7737 bpp: 0.7411 mse: 344.1995  
[Epoch 1640 TEST] bpp: 0.5902 psnr: 30.8704
[Epoch 1641 TRAIN] Loss: 1.7898 bpp: 0.7390 mse: 350.2797  
[Epoch 1641 TEST] bpp: 0.5750 psnr: 31.4407
[Epoch 1642 TRAIN] Loss: 1.7505 bpp: 0.7391 mse: 337.1312  
[Epoch 1642 TEST] bpp: 0.6115 psnr: 30.7208
[Epoch 1643 TRAIN] Loss: 1.7678 bpp: 0.7324 mse: 345.1295  
[Epoch 1643 TEST] bpp: 0.6032 psnr: 31.0016
[Epoch 1644 TRAIN] Loss: 1.7856 bpp: 0.7424 mse: 347.7429  
[Epoch 1644 TEST] bpp: 0.6082 psnr: 30.7578
[Epoch 1645 TRAIN] Loss: 1.7462 bpp: 0.7337 mse: 337.5207  
[Epoch 1645 TEST] bpp: 0.6303 psnr: 30.3292
[Epoch 1646 TRAIN] Loss: 1.7283 bpp: 0.7298 mse: 332.8525  
[Epoch 1646 TEST] bpp: 0.6312 psnr: 30.5138
[Epoch 1647 TRAIN] Loss: 1.7815 bpp: 0.7372 mse: 348.0911  
[Epoch 1647 TEST] bpp: 0.5955 psnr: 30.7840
[Epoch 1648 TRAIN] Loss: 1.7957 bpp: 0.7333 mse: 354.1305  
[Epoch 1648 TEST] bpp: 0.5979 psnr: 30.8437
[Epoch 1649 TRAIN] Loss: 1.7458 bpp: 0.7267 mse: 339.7196  
[Epoch 1649 TEST] bpp: 0.6294 psnr: 30.4443
[INFO] Saving
[Epoch 1650 TRAIN] Loss: 1.7232 bpp: 0.7227 mse: 333.4959  
[Epoch 1650 TEST] bpp: 0.5816 psnr: 30.8496
[Epoch 1651 TRAIN] Loss: 1.7528 bpp: 0.7293 mse: 341.1624  
[Epoch 1651 TEST] bpp: 0.5702 psnr: 31.4071
[Epoch 1652 TRAIN] Loss: 1.7025 bpp: 0.7221 mse: 326.7871  
[Epoch 1652 TEST] bpp: 0.6025 psnr: 30.9656
[Epoch 1653 TRAIN] Loss: 1.7244 bpp: 0.7279 mse: 332.1702  
[Epoch 1653 TEST] bpp: 0.5849 psnr: 30.7410
[Epoch 1654 TRAIN] Loss: 1.7581 bpp: 0.7312 mse: 342.2801  
[Epoch 1654 TEST] bpp: 0.5875 psnr: 30.8595
[Epoch 1655 TRAIN] Loss: 1.7281 bpp: 0.7227 mse: 335.1230  
[Epoch 1655 TEST] bpp: 0.5715 psnr: 31.1619
[Epoch 1656 TRAIN] Loss: 1.7251 bpp: 0.7245 mse: 333.5352  
[Epoch 1656 TEST] bpp: 0.5714 psnr: 31.0180
[Epoch 1657 TRAIN] Loss: 1.7476 bpp: 0.7328 mse: 338.2927  
[Epoch 1657 TEST] bpp: 0.6295 psnr: 30.4203
[Epoch 1658 TRAIN] Loss: 1.7140 bpp: 0.7152 mse: 332.9340  
[Epoch 1658 TEST] bpp: 0.5712 psnr: 30.8631
[Epoch 1659 TRAIN] Loss: 1.7437 bpp: 0.7263 mse: 339.1302  
[Epoch 1659 TEST] bpp: 0.5871 psnr: 30.9195
[Epoch 1660 TRAIN] Loss: 1.7146 bpp: 0.7228 mse: 330.6102  
[Epoch 1660 TEST] bpp: 0.5932 psnr: 30.8747
[Epoch 1661 TRAIN] Loss: 1.6880 bpp: 0.7161 mse: 323.9688  
[Epoch 1661 TEST] bpp: 0.6255 psnr: 30.5509
[Epoch 1662 TRAIN] Loss: 1.6876 bpp: 0.7162 mse: 323.7953  
[Epoch 1662 TEST] bpp: 0.5672 psnr: 31.1846
[Epoch 1663 TRAIN] Loss: 1.7101 bpp: 0.7189 mse: 330.3797  
[Epoch 1663 TEST] bpp: 0.5900 psnr: 30.9281
[Epoch 1664 TRAIN] Loss: 1.7067 bpp: 0.7219 mse: 328.2496  
[Epoch 1664 TEST] bpp: 0.6222 psnr: 30.7149
[Epoch 1665 TRAIN] Loss: 1.7141 bpp: 0.7208 mse: 331.1007  
[Epoch 1665 TEST] bpp: 0.5823 psnr: 30.9773
[Epoch 1666 TRAIN] Loss: 1.6897 bpp: 0.7145 mse: 325.0557  
[Epoch 1666 TEST] bpp: 0.6245 psnr: 30.6840
[Epoch 1667 TRAIN] Loss: 1.6911 bpp: 0.7164 mse: 324.9217  
[Epoch 1667 TEST] bpp: 0.5781 psnr: 31.2143
[Epoch 1668 TRAIN] Loss: 1.7370 bpp: 0.7200 mse: 339.0068  
[Epoch 1668 TEST] bpp: 0.6165 psnr: 30.5335
[Epoch 1669 TRAIN] Loss: 1.6926 bpp: 0.7123 mse: 326.7466  
[Epoch 1669 TEST] bpp: 0.6610 psnr: 30.3161
[Epoch 1670 TRAIN] Loss: 1.7231 bpp: 0.7221 mse: 333.6838  
[Epoch 1670 TEST] bpp: 0.5759 psnr: 30.9766
[Epoch 1671 TRAIN] Loss: 1.6761 bpp: 0.7090 mse: 322.3708  
[Epoch 1671 TEST] bpp: 0.6130 psnr: 30.6447
[Epoch 1672 TRAIN] Loss: 1.6951 bpp: 0.7105 mse: 328.2130  
[Epoch 1672 TEST] bpp: 0.5569 psnr: 31.2560
[Epoch 1673 TRAIN] Loss: 1.6674 bpp: 0.7007 mse: 322.2516  
[Epoch 1673 TEST] bpp: 0.5964 psnr: 31.0268
[Epoch 1674 TRAIN] Loss: 1.7084 bpp: 0.7206 mse: 329.2473  
[Epoch 1674 TEST] bpp: 0.5493 psnr: 31.1886
[Epoch 1675 TRAIN] Loss: 1.7189 bpp: 0.7173 mse: 333.8842  
[Epoch 1675 TEST] bpp: 0.6058 psnr: 31.1299
[Epoch 1676 TRAIN] Loss: 1.6824 bpp: 0.7101 mse: 324.0961  
[Epoch 1676 TEST] bpp: 0.5979 psnr: 30.9234
[Epoch 1677 TRAIN] Loss: 1.7108 bpp: 0.7192 mse: 330.5536  
[Epoch 1677 TEST] bpp: 0.6169 psnr: 30.6423
[Epoch 1678 TRAIN] Loss: 1.6434 bpp: 0.7004 mse: 314.3408  
[Epoch 1678 TEST] bpp: 0.5854 psnr: 30.6365
[Epoch 1679 TRAIN] Loss: 1.6994 bpp: 0.7172 mse: 327.4109  
[Epoch 1679 TEST] bpp: 0.5611 psnr: 31.2581
[Epoch 1680 TRAIN] Loss: 1.7058 bpp: 0.7103 mse: 331.8336  
[Epoch 1680 TEST] bpp: 0.5957 psnr: 30.6606
[Epoch 1681 TRAIN] Loss: 1.6868 bpp: 0.7132 mse: 324.5280  
[Epoch 1681 TEST] bpp: 0.6228 psnr: 30.4920
[Epoch 1682 TRAIN] Loss: 1.7038 bpp: 0.7172 mse: 328.8892  
[Epoch 1682 TEST] bpp: 0.6006 psnr: 30.8672
[Epoch 1683 TRAIN] Loss: 1.6765 bpp: 0.7103 mse: 322.0709  
[Epoch 1683 TEST] bpp: 0.5653 psnr: 31.1222
[Epoch 1684 TRAIN] Loss: 1.6683 bpp: 0.7015 mse: 322.2834  
[Epoch 1684 TEST] bpp: 0.6077 psnr: 30.6210
[Epoch 1685 TRAIN] Loss: 1.6493 bpp: 0.6965 mse: 317.6166  
[Epoch 1685 TEST] bpp: 0.5771 psnr: 31.2077
[Epoch 1686 TRAIN] Loss: 1.6724 bpp: 0.7094 mse: 321.0013  
[Epoch 1686 TEST] bpp: 0.5818 psnr: 31.2458
[Epoch 1687 TRAIN] Loss: 1.6517 bpp: 0.6955 mse: 318.7357  
[Epoch 1687 TEST] bpp: 0.5931 psnr: 31.0294
[Epoch 1688 TRAIN] Loss: 1.6618 bpp: 0.7052 mse: 318.8800  
[Epoch 1688 TEST] bpp: 0.5996 psnr: 30.8427
[Epoch 1689 TRAIN] Loss: 1.6839 bpp: 0.7081 mse: 325.2762  
[Epoch 1689 TEST] bpp: 0.5585 psnr: 31.3316
[Epoch 1690 TRAIN] Loss: 1.7122 bpp: 0.7204 mse: 330.5824  
[Epoch 1690 TEST] bpp: 0.6250 psnr: 30.6373
[Epoch 1691 TRAIN] Loss: 1.6453 bpp: 0.7019 mse: 314.4789  
[Epoch 1691 TEST] bpp: 0.5931 psnr: 31.0015
[Epoch 1692 TRAIN] Loss: 1.6680 bpp: 0.7084 mse: 319.8666  
[Epoch 1692 TEST] bpp: 0.5606 psnr: 31.5106
[Epoch 1693 TRAIN] Loss: 1.6776 bpp: 0.7040 mse: 324.5359  
[Epoch 1693 TEST] bpp: 0.5904 psnr: 30.8595
[Epoch 1694 TRAIN] Loss: 1.6862 bpp: 0.7101 mse: 325.3534  
[Epoch 1694 TEST] bpp: 0.5655 psnr: 31.2638
[Epoch 1695 TRAIN] Loss: 1.6735 bpp: 0.7050 mse: 322.8549  
[Epoch 1695 TEST] bpp: 0.6137 psnr: 30.7404
[Epoch 1696 TRAIN] Loss: 1.6462 bpp: 0.6963 mse: 316.6193  
[Epoch 1696 TEST] bpp: 0.5581 psnr: 31.7182
[Epoch 1697 TRAIN] Loss: 1.6351 bpp: 0.6931 mse: 314.0153  
[Epoch 1697 TEST] bpp: 0.5582 psnr: 31.7239
[Epoch 1698 TRAIN] Loss: 1.6849 bpp: 0.7088 mse: 325.3753  
[Epoch 1698 TEST] bpp: 0.6092 psnr: 30.6704
[Epoch 1699 TRAIN] Loss: 1.7103 bpp: 0.7149 mse: 331.7774  
[Epoch 1699 TEST] bpp: 0.6324 psnr: 30.9331
[INFO] Saving
[Epoch 1700 TRAIN] Loss: 1.6492 bpp: 0.7013 mse: 315.9524  
[Epoch 1700 TEST] bpp: 0.6057 psnr: 31.0361
[Epoch 1701 TRAIN] Loss: 1.6146 bpp: 0.6867 mse: 309.2847  
[Epoch 1701 TEST] bpp: 0.5835 psnr: 31.1653
[Epoch 1702 TRAIN] Loss: 1.6374 bpp: 0.6957 mse: 313.8932  
[Epoch 1702 TEST] bpp: 0.5733 psnr: 31.2902
[Epoch 1703 TRAIN] Loss: 1.6058 bpp: 0.6881 mse: 305.8964  
[Epoch 1703 TEST] bpp: 0.5812 psnr: 31.2185
[Epoch 1704 TRAIN] Loss: 1.6575 bpp: 0.6998 mse: 319.2334  
[Epoch 1704 TEST] bpp: 0.5536 psnr: 31.2476
[Epoch 1705 TRAIN] Loss: 1.6286 bpp: 0.6902 mse: 312.7958  
[Epoch 1705 TEST] bpp: 0.5802 psnr: 30.8661
[Epoch 1706 TRAIN] Loss: 1.6671 bpp: 0.7066 mse: 320.1673  
[Epoch 1706 TEST] bpp: 0.6018 psnr: 30.8125
[Epoch 1707 TRAIN] Loss: 1.6321 bpp: 0.6950 mse: 312.3853  
[Epoch 1707 TEST] bpp: 0.5800 psnr: 31.3214
[Epoch 1708 TRAIN] Loss: 1.6416 bpp: 0.6964 mse: 315.0456  
[Epoch 1708 TEST] bpp: 0.5520 psnr: 31.4249
[Epoch 1709 TRAIN] Loss: 1.6552 bpp: 0.6978 mse: 319.1325  
[Epoch 1709 TEST] bpp: 0.6177 psnr: 30.6178
[Epoch 1710 TRAIN] Loss: 1.6560 bpp: 0.7031 mse: 317.6453  
[Epoch 1710 TEST] bpp: 0.5749 psnr: 31.1934
[Epoch 1711 TRAIN] Loss: 1.6212 bpp: 0.7033 mse: 305.9521  
[Epoch 1711 TEST] bpp: 0.6185 psnr: 30.7250
[Epoch 1712 TRAIN] Loss: 1.6743 bpp: 0.7030 mse: 323.7760  
[Epoch 1712 TEST] bpp: 0.5757 psnr: 31.0489
[Epoch 1713 TRAIN] Loss: 1.6534 bpp: 0.6982 mse: 318.3819  
[Epoch 1713 TEST] bpp: 0.5984 psnr: 30.6685
[Epoch 1714 TRAIN] Loss: 1.6258 bpp: 0.6937 mse: 310.6987  
[Epoch 1714 TEST] bpp: 0.5808 psnr: 30.9470
[Epoch 1715 TRAIN] Loss: 1.6374 bpp: 0.6997 mse: 312.5852  
[Epoch 1715 TEST] bpp: 0.6010 psnr: 30.8187
[Epoch 1716 TRAIN] Loss: 1.6494 bpp: 0.6975 mse: 317.2930  
[Epoch 1716 TEST] bpp: 0.5707 psnr: 31.1625
[Epoch 1717 TRAIN] Loss: 1.6432 bpp: 0.6956 mse: 315.8879  
[Epoch 1717 TEST] bpp: 0.5943 psnr: 30.7256
[Epoch 1718 TRAIN] Loss: 1.6451 bpp: 0.6936 mse: 317.1714  
[Epoch 1718 TEST] bpp: 0.5573 psnr: 31.3166
[Epoch 1719 TRAIN] Loss: 1.5992 bpp: 0.6801 mse: 306.3736  
[Epoch 1719 TEST] bpp: 0.5910 psnr: 30.6977
[Epoch 1720 TRAIN] Loss: 1.6186 bpp: 0.6971 mse: 307.1703  
[Epoch 1720 TEST] bpp: 0.6276 psnr: 30.6443
[Epoch 1721 TRAIN] Loss: 1.6428 bpp: 0.6997 mse: 314.3676  
[Epoch 1721 TEST] bpp: 0.5392 psnr: 31.6345
[Epoch 1722 TRAIN] Loss: 1.6247 bpp: 0.6923 mse: 310.7740  
[Epoch 1722 TEST] bpp: 0.5909 psnr: 30.7984
[Epoch 1723 TRAIN] Loss: 1.6371 bpp: 0.6941 mse: 314.3471  
[Epoch 1723 TEST] bpp: 0.5952 psnr: 30.8175
[Epoch 1724 TRAIN] Loss: 1.6263 bpp: 0.6945 mse: 310.6100  
[Epoch 1724 TEST] bpp: 0.6031 psnr: 30.8518
[Epoch 1725 TRAIN] Loss: 1.6266 bpp: 0.6947 mse: 310.6503  
[Epoch 1725 TEST] bpp: 0.5111 psnr: 31.9015
[Epoch 1726 TRAIN] Loss: 1.6423 bpp: 0.6931 mse: 316.3753  
[Epoch 1726 TEST] bpp: 0.6330 psnr: 30.5752
[Epoch 1727 TRAIN] Loss: 1.6325 bpp: 0.6946 mse: 312.6323  
[Epoch 1727 TEST] bpp: 0.5688 psnr: 31.2202
[Epoch 1728 TRAIN] Loss: 1.6141 bpp: 0.6878 mse: 308.7782  
[Epoch 1728 TEST] bpp: 0.5531 psnr: 31.2664
[Epoch 1729 TRAIN] Loss: 1.6007 bpp: 0.6844 mse: 305.4330  
[Epoch 1729 TEST] bpp: 0.5736 psnr: 31.2983
[Epoch 1730 TRAIN] Loss: 1.6467 bpp: 0.6970 mse: 316.5892  
[Epoch 1730 TEST] bpp: 0.6169 psnr: 30.7249
[Epoch 1731 TRAIN] Loss: 1.6169 bpp: 0.6891 mse: 309.2753  
[Epoch 1731 TEST] bpp: 0.5857 psnr: 30.8783
[Epoch 1732 TRAIN] Loss: 1.6438 bpp: 0.6962 mse: 315.8708  
[Epoch 1732 TEST] bpp: 0.6206 psnr: 30.5822
[Epoch 1733 TRAIN] Loss: 1.6524 bpp: 0.6994 mse: 317.6563  
[Epoch 1733 TEST] bpp: 0.6020 psnr: 30.9413
[Epoch 1734 TRAIN] Loss: 1.6101 bpp: 0.6889 mse: 307.0905  
[Epoch 1734 TEST] bpp: 0.6041 psnr: 30.6334
[Epoch 1735 TRAIN] Loss: 1.6131 bpp: 0.6877 mse: 308.4613  
[Epoch 1735 TEST] bpp: 0.5416 psnr: 31.3935
[Epoch 1736 TRAIN] Loss: 1.5859 bpp: 0.6793 mse: 302.2083  
[Epoch 1736 TEST] bpp: 0.6272 psnr: 30.6997
[Epoch 1737 TRAIN] Loss: 1.6236 bpp: 0.6896 mse: 311.3357  
[Epoch 1737 TEST] bpp: 0.5987 psnr: 30.9838
[Epoch 1738 TRAIN] Loss: 1.5983 bpp: 0.6822 mse: 305.3793  
[Epoch 1738 TEST] bpp: 0.5705 psnr: 31.1666
[Epoch 1739 TRAIN] Loss: 1.6264 bpp: 0.6920 mse: 311.4844  
[Epoch 1739 TEST] bpp: 0.6108 psnr: 30.4553
[Epoch 1740 TRAIN] Loss: 1.6202 bpp: 0.6912 mse: 309.6466  
[Epoch 1740 TEST] bpp: 0.5670 psnr: 31.3318
[Epoch 1741 TRAIN] Loss: 1.6072 bpp: 0.6927 mse: 304.8252  
[Epoch 1741 TEST] bpp: 0.5281 psnr: 32.0794
[Epoch 1742 TRAIN] Loss: 1.6323 bpp: 0.6956 mse: 312.2300  
[Epoch 1742 TEST] bpp: 0.5723 psnr: 31.1931
[Epoch 1743 TRAIN] Loss: 1.6158 bpp: 0.6879 mse: 309.2948  
[Epoch 1743 TEST] bpp: 0.5980 psnr: 31.0532
[Epoch 1744 TRAIN] Loss: 1.5861 bpp: 0.6843 mse: 300.6129  
[Epoch 1744 TEST] bpp: 0.5930 psnr: 31.0435
[Epoch 1745 TRAIN] Loss: 1.5873 bpp: 0.6809 mse: 302.1370  
[Epoch 1745 TEST] bpp: 0.5249 psnr: 31.6022
[Epoch 1746 TRAIN] Loss: 1.6294 bpp: 0.6869 mse: 314.1810  
[Epoch 1746 TEST] bpp: 0.6503 psnr: 30.2301
[Epoch 1747 TRAIN] Loss: 1.6310 bpp: 0.6872 mse: 314.5986  
[Epoch 1747 TEST] bpp: 0.5959 psnr: 30.8071
[Epoch 1748 TRAIN] Loss: 1.5760 bpp: 0.6743 mse: 300.5546  
[Epoch 1748 TEST] bpp: 0.6067 psnr: 30.7809
[Epoch 1749 TRAIN] Loss: 1.6023 bpp: 0.6826 mse: 306.5578  
[Epoch 1749 TEST] bpp: 0.5625 psnr: 31.2560
[INFO] Saving
[Epoch 1750 TRAIN] Loss: 1.6069 bpp: 0.6872 mse: 306.5753  
[Epoch 1750 TEST] bpp: 0.5553 psnr: 31.2769
[Epoch 1751 TRAIN] Loss: 1.5968 bpp: 0.6845 mse: 304.0910  
[Epoch 1751 TEST] bpp: 0.5536 psnr: 31.3409
[Epoch 1752 TRAIN] Loss: 1.6141 bpp: 0.6929 mse: 307.0760  
[Epoch 1752 TEST] bpp: 0.6198 psnr: 30.7466
[Epoch 1753 TRAIN] Loss: 1.6063 bpp: 0.6868 mse: 306.5128  
[Epoch 1753 TEST] bpp: 0.5553 psnr: 31.6434
[Epoch 1754 TRAIN] Loss: 1.5968 bpp: 0.6898 mse: 302.3238  
[Epoch 1754 TEST] bpp: 0.5827 psnr: 31.1755
[Epoch 1755 TRAIN] Loss: 1.6112 bpp: 0.6855 mse: 308.5506  
[Epoch 1755 TEST] bpp: 0.5670 psnr: 31.3553
[Epoch 1756 TRAIN] Loss: 1.6099 bpp: 0.6893 mse: 306.8801  
[Epoch 1756 TEST] bpp: 0.5860 psnr: 30.9444
[Epoch 1757 TRAIN] Loss: 1.5956 bpp: 0.6851 mse: 303.5229  
[Epoch 1757 TEST] bpp: 0.6044 psnr: 30.8712
[Epoch 1758 TRAIN] Loss: 1.5956 bpp: 0.6820 mse: 304.5290  
[Epoch 1758 TEST] bpp: 0.5906 psnr: 30.7091
[Epoch 1759 TRAIN] Loss: 1.6111 bpp: 0.6896 mse: 307.1660  
[Epoch 1759 TEST] bpp: 0.6144 psnr: 30.5249
[Epoch 1760 TRAIN] Loss: 1.5969 bpp: 0.6864 mse: 303.5085  
[Epoch 1760 TEST] bpp: 0.5892 psnr: 31.1464
[Epoch 1761 TRAIN] Loss: 1.5889 bpp: 0.6867 mse: 300.7484  
[Epoch 1761 TEST] bpp: 0.5855 psnr: 31.0588
[Epoch 1762 TRAIN] Loss: 1.5566 bpp: 0.6740 mse: 294.1847  
[Epoch 1762 TEST] bpp: 0.5684 psnr: 31.2908
[Epoch 1763 TRAIN] Loss: 1.6004 bpp: 0.6865 mse: 304.6583  
[Epoch 1763 TEST] bpp: 0.5658 psnr: 31.2110
[Epoch 1764 TRAIN] Loss: 1.5942 bpp: 0.6788 mse: 305.1491  
[Epoch 1764 TEST] bpp: 0.5433 psnr: 31.6406
[Epoch 1765 TRAIN] Loss: 1.6162 bpp: 0.6943 mse: 307.3146  
[Epoch 1765 TEST] bpp: 0.5708 psnr: 31.2378
[Epoch 1766 TRAIN] Loss: 1.5879 bpp: 0.6822 mse: 301.9126  
[Epoch 1766 TEST] bpp: 0.5621 psnr: 31.1023
[Epoch 1767 TRAIN] Loss: 1.5623 bpp: 0.6773 mse: 295.0032  
[Epoch 1767 TEST] bpp: 0.6188 psnr: 30.7835
[Epoch 1768 TRAIN] Loss: 1.5540 bpp: 0.6729 mse: 293.7053  
[Epoch 1768 TEST] bpp: 0.5627 psnr: 31.3039
[Epoch 1769 TRAIN] Loss: 1.6099 bpp: 0.6873 mse: 307.5449  
[Epoch 1769 TEST] bpp: 0.5874 psnr: 30.8412
[Epoch 1770 TRAIN] Loss: 1.6017 bpp: 0.6838 mse: 305.9667  
[Epoch 1770 TEST] bpp: 0.5885 psnr: 31.0463
[Epoch 1771 TRAIN] Loss: 1.6022 bpp: 0.6877 mse: 304.8286  
[Epoch 1771 TEST] bpp: 0.5520 psnr: 31.5668
[Epoch 1772 TRAIN] Loss: 1.5866 bpp: 0.6794 mse: 302.4026  
[Epoch 1772 TEST] bpp: 0.5643 psnr: 31.3448
[Epoch 1773 TRAIN] Loss: 1.6059 bpp: 0.6875 mse: 306.1503  
[Epoch 1773 TEST] bpp: 0.6053 psnr: 30.8225
[Epoch 1774 TRAIN] Loss: 1.5851 bpp: 0.6846 mse: 300.1516  
[Epoch 1774 TEST] bpp: 0.5818 psnr: 31.3722
[Epoch 1775 TRAIN] Loss: 1.6071 bpp: 0.6824 mse: 308.2448  
[Epoch 1775 TEST] bpp: 0.5549 psnr: 31.4938
[Epoch 1776 TRAIN] Loss: 1.6014 bpp: 0.6830 mse: 306.1400  
[Epoch 1776 TEST] bpp: 0.5826 psnr: 31.0544
[Epoch 1777 TRAIN] Loss: 1.5954 bpp: 0.6844 mse: 303.6791  
[Epoch 1777 TEST] bpp: 0.5991 psnr: 30.9169
[Epoch 1778 TRAIN] Loss: 1.5973 bpp: 0.6883 mse: 303.0136  
[Epoch 1778 TEST] bpp: 0.5923 psnr: 31.0029
[Epoch 1779 TRAIN] Loss: 1.5906 bpp: 0.6846 mse: 302.0227  
[Epoch 1779 TEST] bpp: 0.5691 psnr: 31.0977
[Epoch 1780 TRAIN] Loss: 1.5635 bpp: 0.6773 mse: 295.3898  
[Epoch 1780 TEST] bpp: 0.5732 psnr: 31.2230
[Epoch 1781 TRAIN] Loss: 1.5795 bpp: 0.6796 mse: 299.9779  
[Epoch 1781 TEST] bpp: 0.5698 psnr: 31.1473
[Epoch 1782 TRAIN] Loss: 1.5914 bpp: 0.6827 mse: 302.9034  
[Epoch 1782 TEST] bpp: 0.5751 psnr: 31.3385
[Epoch 1783 TRAIN] Loss: 1.5910 bpp: 0.6823 mse: 302.8852  
[Epoch 1783 TEST] bpp: 0.5941 psnr: 30.7783
[Epoch 1784 TRAIN] Loss: 1.5867 bpp: 0.6832 mse: 301.1661  
[Epoch 1784 TEST] bpp: 0.5847 psnr: 31.0475
[Epoch 1785 TRAIN] Loss: 1.5763 bpp: 0.6797 mse: 298.8942  
[Epoch 1785 TEST] bpp: 0.5862 psnr: 31.0805
[Epoch 1786 TRAIN] Loss: 1.5916 bpp: 0.6833 mse: 302.7763  
[Epoch 1786 TEST] bpp: 0.5613 psnr: 31.4176
[Epoch 1787 TRAIN] Loss: 1.5766 bpp: 0.6850 mse: 297.2037  
[Epoch 1787 TEST] bpp: 0.5731 psnr: 31.1783
[Epoch 1788 TRAIN] Loss: 1.5997 bpp: 0.6860 mse: 304.5524  
[Epoch 1788 TEST] bpp: 0.5917 psnr: 30.9719
[Epoch 1789 TRAIN] Loss: 1.5821 bpp: 0.6808 mse: 300.4491  
[Epoch 1789 TEST] bpp: 0.5888 psnr: 30.9149
[Epoch 1790 TRAIN] Loss: 1.5734 bpp: 0.6771 mse: 298.7837  
[Epoch 1790 TEST] bpp: 0.5990 psnr: 30.9702
[Epoch 1791 TRAIN] Loss: 1.6092 bpp: 0.6857 mse: 307.8505  
[Epoch 1791 TEST] bpp: 0.5380 psnr: 31.4364
[Epoch 1792 TRAIN] Loss: 1.5975 bpp: 0.6817 mse: 305.2397  
[Epoch 1792 TEST] bpp: 0.5536 psnr: 31.5296
[Epoch 1793 TRAIN] Loss: 1.5753 bpp: 0.6732 mse: 300.7054  
[Epoch 1793 TEST] bpp: 0.6057 psnr: 30.9106
[Epoch 1794 TRAIN] Loss: 1.5719 bpp: 0.6775 mse: 298.1308  
[Epoch 1794 TEST] bpp: 0.5895 psnr: 30.9687
[Epoch 1795 TRAIN] Loss: 1.6236 bpp: 0.6946 mse: 309.6798  
[Epoch 1795 TEST] bpp: 0.5237 psnr: 31.7744
[Epoch 1796 TRAIN] Loss: 1.5671 bpp: 0.6772 mse: 296.6211  
[Epoch 1796 TEST] bpp: 0.5919 psnr: 31.1795
[Epoch 1797 TRAIN] Loss: 1.5339 bpp: 0.6744 mse: 286.4795  
[Epoch 1797 TEST] bpp: 0.5547 psnr: 31.1749
[Epoch 1798 TRAIN] Loss: 1.5757 bpp: 0.6762 mse: 299.8369  
[Epoch 1798 TEST] bpp: 0.5209 psnr: 31.9505
[Epoch 1799 TRAIN] Loss: 1.5423 bpp: 0.6701 mse: 290.7266  
[Epoch 1799 TEST] bpp: 0.5430 psnr: 31.6228
[INFO] Saving
[Epoch 1800 TRAIN] Loss: 1.5995 bpp: 0.6816 mse: 305.9787  
[Epoch 1800 TEST] bpp: 0.5364 psnr: 31.4658
[Epoch 1801 TRAIN] Loss: 1.5859 bpp: 0.6833 mse: 300.8798  
[Epoch 1801 TEST] bpp: 0.5552 psnr: 31.3299
[Epoch 1802 TRAIN] Loss: 1.5633 bpp: 0.6720 mse: 297.0974  
[Epoch 1802 TEST] bpp: 0.5970 psnr: 30.8784
[Epoch 1803 TRAIN] Loss: 1.5359 bpp: 0.6658 mse: 290.0281  
[Epoch 1803 TEST] bpp: 0.5774 psnr: 31.2848
[Epoch 1804 TRAIN] Loss: 1.5865 bpp: 0.6813 mse: 301.7123  
[Epoch 1804 TEST] bpp: 0.6025 psnr: 30.8271
[Epoch 1805 TRAIN] Loss: 1.6020 bpp: 0.6860 mse: 305.3328  
[Epoch 1805 TEST] bpp: 0.5277 psnr: 31.6753
[Epoch 1806 TRAIN] Loss: 1.5478 bpp: 0.6718 mse: 292.0133  
[Epoch 1806 TEST] bpp: 0.5428 psnr: 31.2653
[Epoch 1807 TRAIN] Loss: 1.6106 bpp: 0.6874 mse: 307.7607  
[Epoch 1807 TEST] bpp: 0.5618 psnr: 31.4419
[Epoch 1808 TRAIN] Loss: 1.5780 bpp: 0.6747 mse: 301.0991  
[Epoch 1808 TEST] bpp: 0.5549 psnr: 31.3968
[Epoch 1809 TRAIN] Loss: 1.5932 bpp: 0.6737 mse: 306.5129  
[Epoch 1809 TEST] bpp: 0.5512 psnr: 31.7035
[Epoch 1810 TRAIN] Loss: 1.5907 bpp: 0.6825 mse: 302.7207  
[Epoch 1810 TEST] bpp: 0.5717 psnr: 31.2383
[Epoch 1811 TRAIN] Loss: 1.5616 bpp: 0.6727 mse: 296.3052  
[Epoch 1811 TEST] bpp: 0.6054 psnr: 30.9179
[Epoch 1812 TRAIN] Loss: 1.5500 bpp: 0.6732 mse: 292.2443  
[Epoch 1812 TEST] bpp: 0.5874 psnr: 31.1248
[Epoch 1813 TRAIN] Loss: 1.5718 bpp: 0.6813 mse: 296.8536  
[Epoch 1813 TEST] bpp: 0.5643 psnr: 31.1201
[Epoch 1814 TRAIN] Loss: 1.5613 bpp: 0.6704 mse: 296.9788  
[Epoch 1814 TEST] bpp: 0.5594 psnr: 31.2633
[Epoch 1815 TRAIN] Loss: 1.5593 bpp: 0.6747 mse: 294.8865  
[Epoch 1815 TEST] bpp: 0.5890 psnr: 31.2538
[Epoch 1816 TRAIN] Loss: 1.5612 bpp: 0.6750 mse: 295.4250  
[Epoch 1816 TEST] bpp: 0.5531 psnr: 31.3542
[Epoch 1817 TRAIN] Loss: 1.5829 bpp: 0.6821 mse: 300.2788  
[Epoch 1817 TEST] bpp: 0.5512 psnr: 31.6930
[Epoch 1818 TRAIN] Loss: 1.5372 bpp: 0.6636 mse: 291.1901  
[Epoch 1818 TEST] bpp: 0.6034 psnr: 30.8785
[Epoch 1819 TRAIN] Loss: 1.5939 bpp: 0.6778 mse: 305.3731  
[Epoch 1819 TEST] bpp: 0.6050 psnr: 30.7440
[Epoch 1820 TRAIN] Loss: 1.5958 bpp: 0.6796 mse: 305.3996  
[Epoch 1820 TEST] bpp: 0.5490 psnr: 31.6385
[Epoch 1821 TRAIN] Loss: 1.5519 bpp: 0.6747 mse: 292.4044  
[Epoch 1821 TEST] bpp: 0.5595 psnr: 31.1488
[Epoch 1822 TRAIN] Loss: 1.5536 bpp: 0.6681 mse: 295.1522  
[Epoch 1822 TEST] bpp: 0.6053 psnr: 30.6876
[Epoch 1823 TRAIN] Loss: 1.5930 bpp: 0.6794 mse: 304.5049  
[Epoch 1823 TEST] bpp: 0.5695 psnr: 31.3112
[Epoch 1824 TRAIN] Loss: 1.5562 bpp: 0.6763 mse: 293.2929  
[Epoch 1824 TEST] bpp: 0.5636 psnr: 31.3086
[Epoch 1825 TRAIN] Loss: 1.5625 bpp: 0.6792 mse: 294.4362  
[Epoch 1825 TEST] bpp: 0.5598 psnr: 31.7290
[Epoch 1826 TRAIN] Loss: 1.5576 bpp: 0.6741 mse: 294.4953  
[Epoch 1826 TEST] bpp: 0.5699 psnr: 31.3914
[Epoch 1827 TRAIN] Loss: 1.5440 bpp: 0.6676 mse: 292.1385  
[Epoch 1827 TEST] bpp: 0.5832 psnr: 31.0325
[Epoch 1828 TRAIN] Loss: 1.5492 bpp: 0.6681 mse: 293.6960  
[Epoch 1828 TEST] bpp: 0.5755 psnr: 31.0722
[Epoch 1829 TRAIN] Loss: 1.5549 bpp: 0.6750 mse: 293.3223  
[Epoch 1829 TEST] bpp: 0.5828 psnr: 31.2067
[Epoch 1830 TRAIN] Loss: 1.5762 bpp: 0.6833 mse: 297.6260  
[Epoch 1830 TEST] bpp: 0.5196 psnr: 31.9862
[Epoch 1831 TRAIN] Loss: 1.5356 bpp: 0.6687 mse: 288.9579  
[Epoch 1831 TEST] bpp: 0.5621 psnr: 31.5348
[Epoch 1832 TRAIN] Loss: 1.5901 bpp: 0.6820 mse: 302.7024  
[Epoch 1832 TEST] bpp: 0.5650 psnr: 31.3291
[Epoch 1833 TRAIN] Loss: 1.5187 bpp: 0.6658 mse: 284.2800  
[Epoch 1833 TEST] bpp: 0.5684 psnr: 31.2594
[Epoch 1834 TRAIN] Loss: 1.5609 bpp: 0.6730 mse: 295.9559  
[Epoch 1834 TEST] bpp: 0.5527 psnr: 31.4317
[Epoch 1835 TRAIN] Loss: 1.5375 bpp: 0.6665 mse: 290.3150  
[Epoch 1835 TEST] bpp: 0.5085 psnr: 32.0440
[Epoch 1836 TRAIN] Loss: 1.5490 bpp: 0.6703 mse: 292.9027  
[Epoch 1836 TEST] bpp: 0.5436 psnr: 31.5192
[Epoch 1837 TRAIN] Loss: 1.5597 bpp: 0.6696 mse: 296.7003  
[Epoch 1837 TEST] bpp: 0.5741 psnr: 31.2965
[Epoch 1838 TRAIN] Loss: 1.5745 bpp: 0.6781 mse: 298.8046  
[Epoch 1838 TEST] bpp: 0.5755 psnr: 30.8954
[Epoch 1839 TRAIN] Loss: 1.5674 bpp: 0.6741 mse: 297.7701  
[Epoch 1839 TEST] bpp: 0.5600 psnr: 31.3485
[Epoch 1840 TRAIN] Loss: 1.5617 bpp: 0.6721 mse: 296.5212  
[Epoch 1840 TEST] bpp: 0.5620 psnr: 31.2946
[Epoch 1841 TRAIN] Loss: 1.5588 bpp: 0.6774 mse: 293.8065  
[Epoch 1841 TEST] bpp: 0.5546 psnr: 31.6256
[Epoch 1842 TRAIN] Loss: 1.5680 bpp: 0.6757 mse: 297.4201  
[Epoch 1842 TEST] bpp: 0.5971 psnr: 30.8976
[Epoch 1843 TRAIN] Loss: 1.5373 bpp: 0.6703 mse: 288.9901  
[Epoch 1843 TEST] bpp: 0.5432 psnr: 31.3967
[Epoch 1844 TRAIN] Loss: 1.5296 bpp: 0.6626 mse: 288.9963  
[Epoch 1844 TEST] bpp: 0.5887 psnr: 31.3044
[Epoch 1845 TRAIN] Loss: 1.5532 bpp: 0.6786 mse: 291.5133  
[Epoch 1845 TEST] bpp: 0.5420 psnr: 31.5109
[Epoch 1846 TRAIN] Loss: 1.5505 bpp: 0.6719 mse: 292.8730  
[Epoch 1846 TEST] bpp: 0.5820 psnr: 31.2134
[Epoch 1847 TRAIN] Loss: 1.5275 bpp: 0.6649 mse: 287.5165  
[Epoch 1847 TEST] bpp: 0.5672 psnr: 31.0276
[Epoch 1848 TRAIN] Loss: 1.5340 bpp: 0.6676 mse: 288.8209  
[Epoch 1848 TEST] bpp: 0.5751 psnr: 31.2098
[Epoch 1849 TRAIN] Loss: 1.5578 bpp: 0.6715 mse: 295.4378  
[Epoch 1849 TEST] bpp: 0.5373 psnr: 31.4701
[INFO] Saving
[Epoch 1850 TRAIN] Loss: 1.5721 bpp: 0.6782 mse: 297.9489  
[Epoch 1850 TEST] bpp: 0.5328 psnr: 31.5619
[Epoch 1851 TRAIN] Loss: 1.5345 bpp: 0.6633 mse: 290.4264  
[Epoch 1851 TEST] bpp: 0.5826 psnr: 30.8976
[Epoch 1852 TRAIN] Loss: 1.5578 bpp: 0.6708 mse: 295.6600  
[Epoch 1852 TEST] bpp: 0.5729 psnr: 31.1222
[Epoch 1853 TRAIN] Loss: 1.5610 bpp: 0.6729 mse: 296.0472  
[Epoch 1853 TEST] bpp: 0.5688 psnr: 31.4053
[Epoch 1854 TRAIN] Loss: 1.5440 bpp: 0.6674 mse: 292.1813  
[Epoch 1854 TEST] bpp: 0.5549 psnr: 31.5616
[Epoch 1855 TRAIN] Loss: 1.5282 bpp: 0.6643 mse: 287.9825  
[Epoch 1855 TEST] bpp: 0.5472 psnr: 31.5766
[Epoch 1856 TRAIN] Loss: 1.5585 bpp: 0.6722 mse: 295.4112  
[Epoch 1856 TEST] bpp: 0.5747 psnr: 31.0666
[Epoch 1857 TRAIN] Loss: 1.5152 bpp: 0.6648 mse: 283.4670  
[Epoch 1857 TEST] bpp: 0.5186 psnr: 32.0118
[Epoch 1858 TRAIN] Loss: 1.5616 bpp: 0.6748 mse: 295.5959  
[Epoch 1858 TEST] bpp: 0.5779 psnr: 31.0022
[Epoch 1859 TRAIN] Loss: 1.5371 bpp: 0.6696 mse: 289.1744  
[Epoch 1859 TEST] bpp: 0.5667 psnr: 31.1044
[Epoch 1860 TRAIN] Loss: 1.5122 bpp: 0.6646 mse: 282.5394  
[Epoch 1860 TEST] bpp: 0.5451 psnr: 31.6676
[Epoch 1861 TRAIN] Loss: 1.5122 bpp: 0.6593 mse: 284.2756  
[Epoch 1861 TEST] bpp: 0.5662 psnr: 31.2642
[Epoch 1862 TRAIN] Loss: 1.5507 bpp: 0.6709 mse: 293.2723  
[Epoch 1862 TEST] bpp: 0.5743 psnr: 31.2167
[Epoch 1863 TRAIN] Loss: 1.5632 bpp: 0.6719 mse: 297.1014  
[Epoch 1863 TEST] bpp: 0.5810 psnr: 31.3228
[Epoch 1864 TRAIN] Loss: 1.5369 bpp: 0.6634 mse: 291.1929  
[Epoch 1864 TEST] bpp: 0.5423 psnr: 31.5806
[Epoch 1865 TRAIN] Loss: 1.5599 bpp: 0.6769 mse: 294.3323  
[Epoch 1865 TEST] bpp: 0.5279 psnr: 31.7479
[Epoch 1866 TRAIN] Loss: 1.5328 bpp: 0.6666 mse: 288.7304  
[Epoch 1866 TEST] bpp: 0.5574 psnr: 31.3332
[Epoch 1867 TRAIN] Loss: 1.5258 bpp: 0.6662 mse: 286.5357  
[Epoch 1867 TEST] bpp: 0.5603 psnr: 31.4196
[Epoch 1868 TRAIN] Loss: 1.5092 bpp: 0.6591 mse: 283.3462  
[Epoch 1868 TEST] bpp: 0.5580 psnr: 31.2689
[Epoch 1869 TRAIN] Loss: 1.5772 bpp: 0.6807 mse: 298.8398  
[Epoch 1869 TEST] bpp: 0.5813 psnr: 31.0382
[Epoch 1870 TRAIN] Loss: 1.5186 bpp: 0.6626 mse: 285.3409  
[Epoch 1870 TEST] bpp: 0.6398 psnr: 30.3738
[Epoch 1871 TRAIN] Loss: 1.5281 bpp: 0.6695 mse: 286.1844  
[Epoch 1871 TEST] bpp: 0.5400 psnr: 31.5124
[Epoch 1872 TRAIN] Loss: 1.5440 bpp: 0.6720 mse: 290.6534  
[Epoch 1872 TEST] bpp: 0.5431 psnr: 31.4881
[Epoch 1873 TRAIN] Loss: 1.5252 bpp: 0.6643 mse: 286.9816  
[Epoch 1873 TEST] bpp: 0.6033 psnr: 30.9976
[Epoch 1874 TRAIN] Loss: 1.5238 bpp: 0.6628 mse: 286.9860  
[Epoch 1874 TEST] bpp: 0.6150 psnr: 30.6398
[Epoch 1875 TRAIN] Loss: 1.5187 bpp: 0.6633 mse: 285.1291  
[Epoch 1875 TEST] bpp: 0.5738 psnr: 31.0779
[Epoch 1876 TRAIN] Loss: 1.5708 bpp: 0.6722 mse: 299.5377  
[Epoch 1876 TEST] bpp: 0.5806 psnr: 31.0548
[Epoch 1877 TRAIN] Loss: 1.5662 bpp: 0.6729 mse: 297.7565  
[Epoch 1877 TEST] bpp: 0.5300 psnr: 31.8635
[Epoch 1878 TRAIN] Loss: 1.5199 bpp: 0.6611 mse: 286.2724  
[Epoch 1878 TEST] bpp: 0.5591 psnr: 31.4085
[Epoch 1879 TRAIN] Loss: 1.5322 bpp: 0.6677 mse: 288.1697  
[Epoch 1879 TEST] bpp: 0.5234 psnr: 31.7903
[Epoch 1880 TRAIN] Loss: 1.5090 bpp: 0.6606 mse: 282.7917  
[Epoch 1880 TEST] bpp: 0.5591 psnr: 31.6538
[Epoch 1881 TRAIN] Loss: 1.5286 bpp: 0.6616 mse: 288.9802  
[Epoch 1881 TEST] bpp: 0.5742 psnr: 31.1665
[Epoch 1882 TRAIN] Loss: 1.5126 bpp: 0.6573 mse: 285.1047  
[Epoch 1882 TEST] bpp: 0.6111 psnr: 31.0283
[Epoch 1883 TRAIN] Loss: 1.5425 bpp: 0.6685 mse: 291.3169  
[Epoch 1883 TEST] bpp: 0.5761 psnr: 31.1140
[Epoch 1884 TRAIN] Loss: 1.5120 bpp: 0.6632 mse: 282.9403  
[Epoch 1884 TEST] bpp: 0.5492 psnr: 31.7133
[Epoch 1885 TRAIN] Loss: 1.5271 bpp: 0.6641 mse: 287.6528  
[Epoch 1885 TEST] bpp: 0.5447 psnr: 31.5594
[Epoch 1886 TRAIN] Loss: 1.5504 bpp: 0.6681 mse: 294.1187  
[Epoch 1886 TEST] bpp: 0.5219 psnr: 31.6018
[Epoch 1887 TRAIN] Loss: 1.5254 bpp: 0.6610 mse: 288.1260  
[Epoch 1887 TEST] bpp: 0.5140 psnr: 32.1982
[Epoch 1888 TRAIN] Loss: 1.5266 bpp: 0.6647 mse: 287.3167  
[Epoch 1888 TEST] bpp: 0.5592 psnr: 31.1446
[Epoch 1889 TRAIN] Loss: 1.5267 bpp: 0.6633 mse: 287.8049  
[Epoch 1889 TEST] bpp: 0.5481 psnr: 31.6162
[Epoch 1890 TRAIN] Loss: 1.5287 bpp: 0.6672 mse: 287.1923  
[Epoch 1890 TEST] bpp: 0.5811 psnr: 31.1965
[Epoch 1891 TRAIN] Loss: 1.4922 bpp: 0.6576 mse: 278.2137  
[Epoch 1891 TEST] bpp: 0.5599 psnr: 31.2540
[Epoch 1892 TRAIN] Loss: 1.5257 bpp: 0.6623 mse: 287.7921  
[Epoch 1892 TEST] bpp: 0.5273 psnr: 31.3775
[Epoch 1893 TRAIN] Loss: 1.4938 bpp: 0.6518 mse: 280.6719  
[Epoch 1893 TEST] bpp: 0.5168 psnr: 31.9387
[Epoch 1894 TRAIN] Loss: 1.5266 bpp: 0.6646 mse: 287.3417  
[Epoch 1894 TEST] bpp: 0.5879 psnr: 31.0767
[Epoch 1895 TRAIN] Loss: 1.5036 bpp: 0.6544 mse: 283.0829  
[Epoch 1895 TEST] bpp: 0.5807 psnr: 31.1329
[Epoch 1896 TRAIN] Loss: 1.5363 bpp: 0.6642 mse: 290.6914  
[Epoch 1896 TEST] bpp: 0.5382 psnr: 31.6426
[Epoch 1897 TRAIN] Loss: 1.5105 bpp: 0.6611 mse: 283.1411  
[Epoch 1897 TEST] bpp: 0.5549 psnr: 31.4407
[Epoch 1898 TRAIN] Loss: 1.5154 bpp: 0.6592 mse: 285.3760  
[Epoch 1898 TEST] bpp: 0.5600 psnr: 31.3913
[Epoch 1899 TRAIN] Loss: 1.4925 bpp: 0.6568 mse: 278.5609  
[Epoch 1899 TEST] bpp: 0.5460 psnr: 31.5943
[INFO] Saving
[Epoch 1900 TRAIN] Loss: 1.5179 bpp: 0.6588 mse: 286.3538  
[Epoch 1900 TEST] bpp: 0.5450 psnr: 31.6677
[Epoch 1901 TRAIN] Loss: 1.5362 bpp: 0.6698 mse: 288.7773  
[Epoch 1901 TEST] bpp: 0.5869 psnr: 31.1736
[Epoch 1902 TRAIN] Loss: 1.5146 bpp: 0.6601 mse: 284.8256  
[Epoch 1902 TEST] bpp: 0.5292 psnr: 31.6574
[Epoch 1903 TRAIN] Loss: 1.5179 bpp: 0.6606 mse: 285.7670  
[Epoch 1903 TEST] bpp: 0.5492 psnr: 31.6097
[Epoch 1904 TRAIN] Loss: 1.5220 bpp: 0.6623 mse: 286.5581  
[Epoch 1904 TEST] bpp: 0.5525 psnr: 31.6163
[Epoch 1905 TRAIN] Loss: 1.5166 bpp: 0.6634 mse: 284.3834  
[Epoch 1905 TEST] bpp: 0.5575 psnr: 31.5546
[Epoch 1906 TRAIN] Loss: 1.5190 bpp: 0.6630 mse: 285.3268  
[Epoch 1906 TEST] bpp: 0.5833 psnr: 30.9233
[Epoch 1907 TRAIN] Loss: 1.5229 bpp: 0.6601 mse: 287.5969  
[Epoch 1907 TEST] bpp: 0.5660 psnr: 31.2877
[Epoch 1908 TRAIN] Loss: 1.5219 bpp: 0.6584 mse: 287.8080  
[Epoch 1908 TEST] bpp: 0.5688 psnr: 31.2805
[Epoch 1909 TRAIN] Loss: 1.5142 bpp: 0.6588 mse: 285.1200  
[Epoch 1909 TEST] bpp: 0.5311 psnr: 31.4207
[Epoch 1910 TRAIN] Loss: 1.5520 bpp: 0.6708 mse: 293.7375  
[Epoch 1910 TEST] bpp: 0.5627 psnr: 31.1716
[Epoch 1911 TRAIN] Loss: 1.5165 bpp: 0.6607 mse: 285.2806  
[Epoch 1911 TEST] bpp: 0.5319 psnr: 31.7625
[Epoch 1912 TRAIN] Loss: 1.5184 bpp: 0.6634 mse: 284.9936  
[Epoch 1912 TEST] bpp: 0.5487 psnr: 31.5892
[Epoch 1913 TRAIN] Loss: 1.4981 bpp: 0.6598 mse: 279.4435  
[Epoch 1913 TEST] bpp: 0.5589 psnr: 31.6298
[Epoch 1914 TRAIN] Loss: 1.5220 bpp: 0.6611 mse: 286.9445  
[Epoch 1914 TEST] bpp: 0.5100 psnr: 32.1710
[Epoch 1915 TRAIN] Loss: 1.5191 bpp: 0.6623 mse: 285.5991  
[Epoch 1915 TEST] bpp: 0.5708 psnr: 31.1347
[Epoch 1916 TRAIN] Loss: 1.5115 bpp: 0.6621 mse: 283.1166  
[Epoch 1916 TEST] bpp: 0.5686 psnr: 31.2848
[Epoch 1917 TRAIN] Loss: 1.4966 bpp: 0.6546 mse: 280.6642  
[Epoch 1917 TEST] bpp: 0.5646 psnr: 31.2370
[Epoch 1918 TRAIN] Loss: 1.5267 bpp: 0.6634 mse: 287.7743  
[Epoch 1918 TEST] bpp: 0.5518 psnr: 31.5408
[Epoch 1919 TRAIN] Loss: 1.5252 bpp: 0.6614 mse: 287.9433  
[Epoch 1919 TEST] bpp: 0.6120 psnr: 30.8498
[Epoch 1920 TRAIN] Loss: 1.5272 bpp: 0.6668 mse: 286.7986  
[Epoch 1920 TEST] bpp: 0.5245 psnr: 32.0032
[Epoch 1921 TRAIN] Loss: 1.5777 bpp: 0.6786 mse: 299.7023  
[Epoch 1921 TEST] bpp: 0.5486 psnr: 31.6712
[Epoch 1922 TRAIN] Loss: 1.5364 bpp: 0.6650 mse: 290.4580  
[Epoch 1922 TEST] bpp: 0.5158 psnr: 31.8188
[Epoch 1923 TRAIN] Loss: 1.4684 bpp: 0.6540 mse: 271.4704  
[Epoch 1923 TEST] bpp: 0.5826 psnr: 31.2754
[Epoch 1924 TRAIN] Loss: 1.5275 bpp: 0.6614 mse: 288.7088  
[Epoch 1924 TEST] bpp: 0.5645 psnr: 31.5321
[Epoch 1925 TRAIN] Loss: 1.5121 bpp: 0.6619 mse: 283.4107  
[Epoch 1925 TEST] bpp: 0.5470 psnr: 31.5688
[Epoch 1926 TRAIN] Loss: 1.5240 bpp: 0.6591 mse: 288.3230  
[Epoch 1926 TEST] bpp: 0.5732 psnr: 30.9616
[Epoch 1927 TRAIN] Loss: 1.4879 bpp: 0.6541 mse: 277.9232  
[Epoch 1927 TEST] bpp: 0.5063 psnr: 32.2870
[Epoch 1928 TRAIN] Loss: 1.5255 bpp: 0.6624 mse: 287.7122  
[Epoch 1928 TEST] bpp: 0.5569 psnr: 31.3442
[Epoch 1929 TRAIN] Loss: 1.5090 bpp: 0.6583 mse: 283.5729  
[Epoch 1929 TEST] bpp: 0.5618 psnr: 31.2900
[Epoch 1930 TRAIN] Loss: 1.4962 bpp: 0.6536 mse: 280.8553  
[Epoch 1930 TEST] bpp: 0.5379 psnr: 31.5545
[Epoch 1931 TRAIN] Loss: 1.5330 bpp: 0.6643 mse: 289.5900  
[Epoch 1931 TEST] bpp: 0.5568 psnr: 31.2573
[Epoch 1932 TRAIN] Loss: 1.5180 bpp: 0.6623 mse: 285.2220  
[Epoch 1932 TEST] bpp: 0.5086 psnr: 32.0537
[Epoch 1933 TRAIN] Loss: 1.4918 bpp: 0.6588 mse: 277.6739  
[Epoch 1933 TEST] bpp: 0.5240 psnr: 31.7402
[Epoch 1934 TRAIN] Loss: 1.4969 bpp: 0.6555 mse: 280.4817  
[Epoch 1934 TEST] bpp: 0.5956 psnr: 31.0832
[Epoch 1935 TRAIN] Loss: 1.5375 bpp: 0.6708 mse: 288.9092  
[Epoch 1935 TEST] bpp: 0.5280 psnr: 31.6693
[Epoch 1936 TRAIN] Loss: 1.5002 bpp: 0.6586 mse: 280.5351  
[Epoch 1936 TEST] bpp: 0.5362 psnr: 31.6415
[Epoch 1937 TRAIN] Loss: 1.4915 bpp: 0.6530 mse: 279.5172  
[Epoch 1937 TEST] bpp: 0.5085 psnr: 31.8111
[Epoch 1938 TRAIN] Loss: 1.4988 bpp: 0.6575 mse: 280.4267  
[Epoch 1938 TEST] bpp: 0.5781 psnr: 31.1258
[Epoch 1939 TRAIN] Loss: 1.4876 bpp: 0.6526 mse: 278.3379  
[Epoch 1939 TEST] bpp: 0.5526 psnr: 31.2893
[Epoch 1940 TRAIN] Loss: 1.5001 bpp: 0.6551 mse: 281.6601  
[Epoch 1940 TEST] bpp: 0.5172 psnr: 31.5443
[Epoch 1941 TRAIN] Loss: 1.5003 bpp: 0.6560 mse: 281.4436  
[Epoch 1941 TEST] bpp: 0.5601 psnr: 31.5626
[Epoch 1942 TRAIN] Loss: 1.4717 bpp: 0.6464 mse: 275.0930  
[Epoch 1942 TEST] bpp: 0.5655 psnr: 31.2905
[Epoch 1943 TRAIN] Loss: 1.5424 bpp: 0.6687 mse: 291.2503  
[Epoch 1943 TEST] bpp: 0.5522 psnr: 31.8103
[Epoch 1944 TRAIN] Loss: 1.5254 bpp: 0.6660 mse: 286.4649  
[Epoch 1944 TEST] bpp: 0.5500 psnr: 31.3868
[Epoch 1945 TRAIN] Loss: 1.4991 bpp: 0.6605 mse: 279.5254  
[Epoch 1945 TEST] bpp: 0.5952 psnr: 30.9613
[Epoch 1946 TRAIN] Loss: 1.4676 bpp: 0.6522 mse: 271.7926  
[Epoch 1946 TEST] bpp: 0.5654 psnr: 31.2299
[Epoch 1947 TRAIN] Loss: 1.4965 bpp: 0.6575 mse: 279.6536  
[Epoch 1947 TEST] bpp: 0.5673 psnr: 31.4779
[Epoch 1948 TRAIN] Loss: 1.5043 bpp: 0.6586 mse: 281.9058  
[Epoch 1948 TEST] bpp: 0.5764 psnr: 31.2413
[Epoch 1949 TRAIN] Loss: 1.5181 bpp: 0.6598 mse: 286.0998  
[Epoch 1949 TEST] bpp: 0.5486 psnr: 31.3910
[INFO] Saving
[Epoch 1950 TRAIN] Loss: 1.4800 bpp: 0.6506 mse: 276.4586  
[Epoch 1950 TEST] bpp: 0.5714 psnr: 31.3446
[Epoch 1951 TRAIN] Loss: 1.4733 bpp: 0.6504 mse: 274.3013  
[Epoch 1951 TEST] bpp: 0.5688 psnr: 31.4093
[Epoch 1952 TRAIN] Loss: 1.4979 bpp: 0.6575 mse: 280.1144  
[Epoch 1952 TEST] bpp: 0.5516 psnr: 31.4929
[Epoch 1953 TRAIN] Loss: 1.4857 bpp: 0.6499 mse: 278.6251  
[Epoch 1953 TEST] bpp: 0.5510 psnr: 31.4849
[Epoch 1954 TRAIN] Loss: 1.5057 bpp: 0.6565 mse: 283.0397  
[Epoch 1954 TEST] bpp: 0.5543 psnr: 31.3733
[Epoch 1955 TRAIN] Loss: 1.5185 bpp: 0.6604 mse: 286.0084  
[Epoch 1955 TEST] bpp: 0.5338 psnr: 31.6311
[Epoch 1956 TRAIN] Loss: 1.5055 bpp: 0.6567 mse: 282.9572  
[Epoch 1956 TEST] bpp: 0.4940 psnr: 32.4391
[Epoch 1957 TRAIN] Loss: 1.5005 bpp: 0.6568 mse: 281.2521  
[Epoch 1957 TEST] bpp: 0.5377 psnr: 31.8984
[Epoch 1958 TRAIN] Loss: 1.4982 bpp: 0.6548 mse: 281.1502  
[Epoch 1958 TEST] bpp: 0.5607 psnr: 31.2365
[Epoch 1959 TRAIN] Loss: 1.5029 bpp: 0.6561 mse: 282.2885  
[Epoch 1959 TEST] bpp: 0.5607 psnr: 31.3120
[Epoch 1960 TRAIN] Loss: 1.5161 bpp: 0.6593 mse: 285.6150  
[Epoch 1960 TEST] bpp: 0.5587 psnr: 31.5092
[Epoch 1961 TRAIN] Loss: 1.5062 bpp: 0.6554 mse: 283.6000  
[Epoch 1961 TEST] bpp: 0.5250 psnr: 31.8085
[Epoch 1962 TRAIN] Loss: 1.5145 bpp: 0.6590 mse: 285.1557  
[Epoch 1962 TEST] bpp: 0.5552 psnr: 31.6523
[Epoch 1963 TRAIN] Loss: 1.5249 bpp: 0.6602 mse: 288.2080  
[Epoch 1963 TEST] bpp: 0.5342 psnr: 31.5250
[Epoch 1964 TRAIN] Loss: 1.5110 bpp: 0.6572 mse: 284.6162  
[Epoch 1964 TEST] bpp: 0.5740 psnr: 31.0598
[Epoch 1965 TRAIN] Loss: 1.4777 bpp: 0.6537 mse: 274.6645  
[Epoch 1965 TEST] bpp: 0.5369 psnr: 31.7156
[Epoch 1966 TRAIN] Loss: 1.4842 bpp: 0.6556 mse: 276.2292  
[Epoch 1966 TEST] bpp: 0.5585 psnr: 31.1157
[Epoch 1967 TRAIN] Loss: 1.5071 bpp: 0.6527 mse: 284.7795  
[Epoch 1967 TEST] bpp: 0.5765 psnr: 31.4220
[Epoch 1968 TRAIN] Loss: 1.4868 bpp: 0.6541 mse: 277.5621  
[Epoch 1968 TEST] bpp: 0.5426 psnr: 31.2281
[Epoch 1969 TRAIN] Loss: 1.4877 bpp: 0.6561 mse: 277.2108  
[Epoch 1969 TEST] bpp: 0.5285 psnr: 31.5576
[Epoch 1970 TRAIN] Loss: 1.4994 bpp: 0.6553 mse: 281.3736  
[Epoch 1970 TEST] bpp: 0.5436 psnr: 31.7871
[Epoc